<?xml version="1.0" encoding="UTF-8"?>
<!-- Generated by org.testng.reporters.JUnitReportReporter -->
<testsuite skipped="0" hostname="Shivam" name="qaclickacademy.SeleniumTest" tests="2" failures="0" timestamp="08 Jul 2019 18:54:54 GMT" time="0.008" errors="0">
  <testcase name="elementsUi" time="0.000" classname="qaclickacademy.SeleniumTest"/>
  <testcase name="BrowserAUtomation" time="0.008" classname="qaclickacademy.SeleniumTest"/>
</testsuite> <!-- qaclickacademy.SeleniumTest -->
